<?xml version="1.0" encoding="utf-8"?><testsuites name="pytest tests"><testsuite name="pytest" errors="0" failures="0" skipped="0" tests="17" time="3.390" timestamp="2025-09-03T18:42:11.711959+03:30" hostname="Farnam"><testcase classname="tests.test_comprehensive" name="test_full_processing_pipeline" time="0.391" /><testcase classname="tests.test_config_processor.TestConfigurationProcessor" name="test_initialization" time="0.001" /><testcase classname="tests.test_config_processor.TestConfigurationProcessor" name="test_protocol_patterns" time="0.001" /><testcase classname="tests.test_config_processor.TestConfigurationProcessor" name="test_valid_config_validation" time="0.001" /><testcase classname="tests.test_config_processor.TestConfigurationProcessor" name="test_invalid_config_validation" time="0.001" /><testcase classname="tests.test_config_processor.TestConfigurationProcessor" name="test_protocol_detection" time="0.001" /><testcase classname="tests.test_config_processor.TestConfigurationProcessor" name="test_duplicate_detection" time="0.001" /><testcase classname="tests.test_config_processor.TestConfigurationProcessor" name="test_quality_score_calculation" time="0.001" /><testcase classname="tests.test_config_processor.TestConfigurationProcessor" name="test_config_processing" time="0.001" /><testcase classname="tests.test_config_processor.TestConfigurationProcessor" name="test_clear_processed" time="0.001" /><testcase classname="tests.test_config_processor.TestConfigurationProcessor" name="test_protocol_distribution" time="0.001" /><testcase classname="tests.test_config_processor.TestConfigurationProcessor" name="test_edge_cases" time="0.001" /><testcase classname="tests.test_container_and_cache" name="test_service_container_register_and_get_instance" time="0.000" /><testcase classname="tests.test_container_and_cache" name="test_service_container_factory_lazy_singleton" time="0.000" /><testcase classname="tests.test_container_and_cache" name="test_service_container_scope" time="0.000" /><testcase classname="tests.test_core_components.TestCoreComponents" name="test_source_manager_initialization" time="0.278" /><testcase classname="tests.test_core_components.TestCoreComponents" name="test_configuration_processor_initialization" time="0.001" /><testcase time="0.000" /></testsuite></testsuites>